Log file open, 06/13/16 12:10:38
LogInit:Display: Running engine for game: SubstanceTutorial
LogPlatformFile: Not using cached read wrapper
LogInit:Display: RandInit(2034617283) SRandInit(2034617285).
LogTaskGraph: Started task graph with 4 named threads and 7 total threads with 1 sets of task threads.
LogStats: Stats thread started at 0.084691
LogInit: Version: 4.12.2-3005592+++UE4+Release-4.12
LogInit: API Version: 2992821
LogInit: Net Version: 3005592
LogDevObjectVersion: Number of dev versions registered: 13
LogDevObjectVersion:   Dev-Blueprints (B0D832E4-1F89-4F0D-ACCF-7EB736FD4AA2): 3
LogDevObjectVersion:   Dev-Build (E1C64328-A22C-4D53-A36C-8E866417BD8C): 0
LogDevObjectVersion:   Dev-Core (375EC13C-06E4-48FB-B500-84F0262A717E): 1
LogDevObjectVersion:   Dev-Editor (E4B068ED-F494-42E9-A231-DA0B2E46BB41): 2
LogDevObjectVersion:   Dev-Framework (CFFC743F-43B0-4480-9391-14DF171D2073): 6
LogDevObjectVersion:   Dev-Mobile (B02B49B5-BB20-44E9-A304-32B752E40360): 0
LogDevObjectVersion:   Dev-Networking (A4E4105C-59A1-49B5-A7C5-40C4547EDFEE): 0
LogDevObjectVersion:   Dev-Online (39C831C9-5AE6-47DC-9A44-9C173E1C8E7C): 0
LogDevObjectVersion:   Dev-Physics (78F01B33-EBEA-4F98-B9B4-84EACCB95AA2): 0
LogDevObjectVersion:   Dev-Platform (6631380F-2D4D-43E0-8009-CF276956A95A): 0
LogDevObjectVersion:   Dev-Rendering (12F88B9F-8875-4AFC-A67C-D90C383ABD29): 2
LogDevObjectVersion:   Dev-Sequencer (7B5AE74C-D270-4C10-A958-57980B212A5A): 0
LogDevObjectVersion:   Dev-VR (D7296918-1DD6-4BDD-9DE2-64A83CC13884): 0
LogInit: Compiled (64-bit): Jun  8 2016 08:57:49
LogInit: Compiled with Visual C++: 19.00.23026.00
LogInit: Build Configuration: Development
LogInit: Branch Name: ++UE4+Release-4.12
LogInit: Command line: -EpicPortal 
LogInit: Base directory: C:/Program Files (x86)/Epic Games/4.12/Engine/Binaries/Win64/
LogInit: Installed Engine Build: 1
LogInit: Using libcurl 7.41.0
LogInit:  - built for x86_64-pc-win32
LogInit:  - supports SSL with WinSSL
LogInit:  - other features:
LogInit:      CURL_VERSION_SSL
LogInit:      CURL_VERSION_IPV6
LogInit:      CURL_VERSION_ASYNCHDNS
LogInit:      CURL_VERSION_LARGEFILE
LogInit:      CURL_VERSION_IDN
LogInit:  CurlRequestOptions (configurable via config and command line):
LogInit:  - bVerifyPeer = true  - Libcurl will verify peer certificate
LogInit:  - bUseHttpProxy = false  - Libcurl will NOT use HTTP proxy
LogInit:  - bDontReuseConnections = false  - Libcurl will reuse connections
LogInit:  - CertBundlePath = nullptr  - Libcurl will use whatever was configured at build time.
LogInit: Presizing for max 8388607 objects, including 0 objects not considered by GC, pre-allocating 0 bytes for permanent pool.
LogInit: Object subsystem initialized
[2016.06.13-19.10.38:217][  0]LogInit: Selected Device Profile: [Windows]
[2016.06.13-19.10.38:217][  0]LogInit: Applying CVar settings loaded from the selected device profile: [Windows]
[2016.06.13-19.10.38:229][  0]LogInit: Computer: DESKTOP-GQI0414
[2016.06.13-19.10.38:229][  0]LogInit: User: ericr
[2016.06.13-19.10.38:229][  0]LogInit: CPU Page size=65536, Cores=4
[2016.06.13-19.10.38:229][  0]LogInit: High frequency timer resolution =2.531248 MHz
[2016.06.13-19.10.38:229][  0]LogMemory: Memory total: Physical=15.9GB (16GB approx)
[2016.06.13-19.10.38:229][  0]LogMemory: Platform Memory Stats for Windows
[2016.06.13-19.10.38:229][  0]LogMemory: Process Physical Memory: 190.52 MB used, 190.52 MB peak
[2016.06.13-19.10.38:229][  0]LogMemory: Process Virtual Memory: 195.14 MB used, 195.14 MB peak
[2016.06.13-19.10.38:229][  0]LogMemory: Physical Memory: 10745.73 MB used, 16283.44 MB total
[2016.06.13-19.10.38:229][  0]LogMemory: Virtual Memory: 554.23 MB used, 134217728.00 MB total
[2016.06.13-19.10.38:263][  0]LogTextLocalizationManager: No specific translations for ('en-US') exist, so ('en') translations will be used.
[2016.06.13-19.10.38:700][  0]LogD3D11RHI: D3D11 adapters:
[2016.06.13-19.10.38:725][  0]LogD3D11RHI:    0. 'NVIDIA GeForce GTX 980M   ' (Feature Level 11_0)
[2016.06.13-19.10.38:725][  0]LogD3D11RHI:       4009/0/8141 MB DedicatedVideo/DedicatedSystem/SharedSystem, Outputs:2, VendorId:0x10de
[2016.06.13-19.10.38:731][  0]LogD3D11RHI:    1. 'Intel(R) HD Graphics 530' (Feature Level 11_0)
[2016.06.13-19.10.38:731][  0]LogD3D11RHI:       128/0/8141 MB DedicatedVideo/DedicatedSystem/SharedSystem, Outputs:0, VendorId:0x8086
[2016.06.13-19.10.38:733][  0]LogD3D11RHI:    2. 'Microsoft Basic Render Driver' (Feature Level 11_0)
[2016.06.13-19.10.38:733][  0]LogD3D11RHI:       0/0/8141 MB DedicatedVideo/DedicatedSystem/SharedSystem, Outputs:0, VendorId:0x1414
[2016.06.13-19.10.38:733][  0]LogD3D11RHI: Chosen D3D11 Adapter: 0
[2016.06.13-19.10.38:740][  0]LogD3D11RHI: Creating new Direct3DDevice
[2016.06.13-19.10.38:740][  0]LogD3D11RHI:     GPU DeviceId: 0x13d7 (for the marketing name, search the web for "GPU Device Id")
[2016.06.13-19.10.38:740][  0]LogWindows: EnumDisplayDevices:
[2016.06.13-19.10.38:741][  0]LogWindows:    0. 'Intel(R) HD Graphics 530' (P:1 D:1)
[2016.06.13-19.10.38:741][  0]LogWindows:    1. 'Intel(R) HD Graphics 530' (P:0 D:0)
[2016.06.13-19.10.38:741][  0]LogWindows:    2. 'Intel(R) HD Graphics 530' (P:0 D:0)
[2016.06.13-19.10.38:741][  0]LogWindows:    3. 'NVIDIA GeForce GTX 980M   ' (P:0 D:1)
[2016.06.13-19.10.38:741][  0]LogWindows: DebugString: PrimaryIsNotTheChoosenAdapter PrimaryIsNotTheChoosenAdapter PrimaryIsNotTheChoosenAdapter 
[2016.06.13-19.10.38:741][  0]LogD3D11RHI:     Adapter Name: NVIDIA GeForce GTX 980M   
[2016.06.13-19.10.38:741][  0]LogD3D11RHI:   Driver Version: 365.10 (internal:10.18.13.6510, unified:365.10)
[2016.06.13-19.10.38:741][  0]LogD3D11RHI:      Driver Date: 4-27-2016
[2016.06.13-19.10.38:741][  0]LogRHI: Texture pool is 1361 MB (70% of 1945 MB)
[2016.06.13-19.10.38:755][  0]LogD3D11RHI: Async texture creation enabled
[2016.06.13-19.10.38:770][  0]LogD3D11RHI: GPU Timing Frequency: 1000.000000 (Debug: 2 2)
[2016.06.13-19.10.38:771][  0]LogShaderCompilers: Guid format shader working directory is -37 characters bigger than the processId version (../../../../../../Users/ericr.DESKTOP-GQI0414/Documents/Unreal Projects/SubstanceTutorial/Intermediate/Shaders/WorkingDirectory/7964/).
[2016.06.13-19.10.38:771][  0]LogShaderCompilers: Cleaned the shader compiler working directory 'C:/Users/ERICR~1.DES/AppData/Local/Temp/UnrealShaderWorkingDir/05954863493B1F1A86950C9C3CCC86C2/'.
[2016.06.13-19.10.38:771][  0]LogShaderCompilers:Display: Using Local Shader Compiler.
[2016.06.13-19.10.39:692][  0]LogTemp:Display: Loaded TP AllDesktopTargetPlatform
[2016.06.13-19.10.39:702][  0]LogTemp:Display: Loaded TP WindowsClientTargetPlatform
[2016.06.13-19.10.39:713][  0]LogTemp:Display: Loaded TP WindowsNoEditorTargetPlatform
[2016.06.13-19.10.39:724][  0]LogTemp:Display: Loaded TP WindowsServerTargetPlatform
[2016.06.13-19.10.39:734][  0]LogTemp:Display: Loaded TP WindowsTargetPlatform
[2016.06.13-19.10.39:742][  0]LogTemp:Display: Loaded TP AndroidTargetPlatform
[2016.06.13-19.10.39:752][  0]LogTemp:Display: Loaded TP Android_ASTCTargetPlatform
[2016.06.13-19.10.39:761][  0]LogTemp:Display: Loaded TP Android_ATCTargetPlatform
[2016.06.13-19.10.39:772][  0]LogTemp:Display: Loaded TP Android_DXTTargetPlatform
[2016.06.13-19.10.39:782][  0]LogTemp:Display: Loaded TP Android_ETC1TargetPlatform
[2016.06.13-19.10.39:792][  0]LogTemp:Display: Loaded TP Android_ETC2TargetPlatform
[2016.06.13-19.10.39:811][  0]LogTemp:Display: Loaded TP Android_MultiTargetPlatform
[2016.06.13-19.10.39:811][  0]LogTemp:Display: Loaded TP Android_PVRTCTargetPlatform
[2016.06.13-19.10.39:811][  0]LogTemp:Display: Loaded TP HTML5TargetPlatform
[2016.06.13-19.10.39:835][  0]LogTemp:Display: Loaded TP IOSTargetPlatform
[2016.06.13-19.10.39:843][  0]LogTemp:Display: Loaded TP TVOSTargetPlatform
[2016.06.13-19.10.39:852][  0]LogTemp:Display: Loaded TP LinuxNoEditorTargetPlatform
[2016.06.13-19.10.39:861][  0]LogTemp:Display: Loaded TP LinuxServerTargetPlatform
[2016.06.13-19.10.39:869][  0]LogTemp:Display: Loaded TP LinuxTargetPlatform
[2016.06.13-19.10.39:869][  0]LogTargetPlatformManager:Display: Building Assets For Windows
[2016.06.13-19.10.39:955][  0]LogDerivedDataCache:Display: Max Cache Size: 512 MB
[2016.06.13-19.10.40:012][  0]LogDerivedDataCache: Loaded boot cache 0.06s 48MB C:/Users/ericr.DESKTOP-GQI0414/AppData/Local/UnrealEngine/4.12/DerivedDataCache/Boot.ddc.
[2016.06.13-19.10.40:013][  0]LogDerivedDataCache:Display: Loaded Boot cache: C:/Users/ericr.DESKTOP-GQI0414/AppData/Local/UnrealEngine/4.12/DerivedDataCache/Boot.ddc
[2016.06.13-19.10.40:013][  0]LogDerivedDataCache: FDerivedDataBackendGraph:  Pak pak cache file ../../../../../../Users/ericr.DESKTOP-GQI0414/Documents/Unreal Projects/SubstanceTutorial/DerivedDataCache/DDC.ddp not found, will not use a pak cache.
[2016.06.13-19.10.40:013][  0]LogDerivedDataCache: Unable to find inner node Pak for hierarchical cache Hierarchy.
[2016.06.13-19.10.40:013][  0]LogDerivedDataCache: FDerivedDataBackendGraph:  CompressedPak pak cache file ../../../../../../Users/ericr.DESKTOP-GQI0414/Documents/Unreal Projects/SubstanceTutorial/DerivedDataCache/Compressed.ddp not found, will not use a pak cache.
[2016.06.13-19.10.40:013][  0]LogDerivedDataCache: Unable to find inner node CompressedPak for hierarchical cache Hierarchy.
[2016.06.13-19.10.40:031][  0]LogDerivedDataCache:Display: Pak cache opened for reading ../../../Engine/DerivedDataCache/Compressed.ddp.
[2016.06.13-19.10.40:044][  0]LogDerivedDataCache: Using Local data cache path C:/Users/ericr.DESKTOP-GQI0414/AppData/Local/UnrealEngine/Common/DerivedDataCache: Writable
[2016.06.13-19.10.40:225][  0]LogInit: Selected Device Profile: [Windows]
[2016.06.13-19.10.40:226][  0]LogContentStreaming: Texture pool size is 0.00 MB
[2016.06.13-19.10.40:379][  0]LogMeshUtilities: No automatic mesh reduction module available
[2016.06.13-19.10.40:379][  0]LogMeshUtilities: No automatic mesh merging module available
[2016.06.13-19.10.40:379][  0]LogMeshUtilities: No distributed automatic mesh merging module available
[2016.06.13-19.10.40:621][  0]LogAssetRegistry: FAssetRegistry took 0.0213 seconds to start up
[2016.06.13-19.10.40:658][  0]LogPackageLocalizationCache: Processed 3 localized package path(s) for 2 prioritized culture(s) in 0.032497 seconds
[2016.06.13-19.10.40:662][  0]LogUObjectArray: 28739 objects as part of root set at end of initial load.
[2016.06.13-19.10.40:662][  0]LogUObjectAllocator: 5855624 out of 0 bytes used by permanent object pool.
[2016.06.13-19.10.40:662][  0]LogUObjectArray: CloseDisregardForGC: 0/0 objects in disregard for GC pool
[2016.06.13-19.10.40:671][  0]LogInit: WinSock: version 1.1 (2.2), MaxSocks=32767, MaxUdp=65467
[2016.06.13-19.10.40:861][  0]LogSlate: SlateFontCache - WITH_FREETYPE: 1, WITH_HARFBUZZ: 1
[2016.06.13-19.10.40:861][  0]LogSlate: SlateFontCache - WITH_FREETYPE: 1, WITH_HARFBUZZ: 1
[2016.06.13-19.10.41:519][  0]LogSubstanceCoreModule: Substance CPU Engine Loaded, Max Texture Size 2048
[2016.06.13-19.10.41:555][  0]LogUdpMessaging: Initializing bridge on interface 0.0.0.0:0 to multicast group 230.0.0.1:6666.
[2016.06.13-19.10.41:786][  0]SourceControl: Info Source control is disabled
[2016.06.13-19.10.41:787][  0]SourceControl: Info Source control is disabled
[2016.06.13-19.10.41:796][  0]SourceControl: Info Source control is disabled
[2016.06.13-19.10.41:805][  0]SourceControl: Info Source control is disabled
[2016.06.13-19.10.42:040][  0]LogEngine: Initializing Engine...
[2016.06.13-19.10.42:041][  0]LogHMD: SteamVR failed to initialize.  Err: 110
[2016.06.13-19.10.42:041][  0]LogHMD: SteamVR failed to initialize.  Err: 110
[2016.06.13-19.10.42:195][  0]LogAIModule: Creating AISystem for world NewWorld
[2016.06.13-19.10.42:199][  0]LogInit: XAudio2 using 'Speakers (Sound Blaster Recon3Di)' : 2 channels at 48 kHz using 32 bits per sample (channel mask 0x3)
[2016.06.13-19.10.42:208][  0]LogInit: FAudioDevice initialized.
[2016.06.13-19.10.42:235][  0]LogDerivedDataCache: Saved boot cache 0.03s 48MB C:/Users/ericr.DESKTOP-GQI0414/AppData/Local/UnrealEngine/4.12/DerivedDataCache/Boot.ddc.
[2016.06.13-19.10.42:242][  0]LogInit: Texture streaming: Enabled
[2016.06.13-19.10.42:271][  0]LogInit: Transaction tracking system initialized
[2016.06.13-19.10.42:303][  0]BlueprintLog: New page: Editor Load
[2016.06.13-19.10.42:483][  0]LocalizationService: Info Localization service is disabled
[2016.06.13-19.10.42:939][  0]LogConsoleResponse:Display: 
[2016.06.13-19.10.43:038][  0]LogFileCache: Scanning file cache for directory 'C:/Users/ericr.DESKTOP-GQI0414/Documents/Unreal Projects/SubstanceTutorial/Content/' took 0.01s
[2016.06.13-19.10.43:038][  0]LogCook:Display: Max memory allowance for cook 8192mb
[2016.06.13-19.10.43:038][  0]LogCook:Display: Mobile HDR setting 1
[2016.06.13-19.10.43:153][  0]SourceControl: Info Source control is disabled
[2016.06.13-19.10.43:153][  0]Cmd: MAP LOAD FILE="../../../Engine/Content/Maps/Templates/Template_Default.umap" TEMPLATE=1 SHOWPROGRESS=1 FEATURELEVEL=3
[2016.06.13-19.10.43:154][  0]LightingResults: New page: Lighting Build
[2016.06.13-19.10.43:158][  0]MapCheck: New page: Map Check
[2016.06.13-19.10.43:158][  0]LightingResults: New page: Lighting Build
[2016.06.13-19.10.43:382][  0]LogAIModule: Creating AISystem for world Untitled_1
[2016.06.13-19.10.43:389][  0]LogEditorServer: Finished looking for orphan Actors (0.000 secs)
[2016.06.13-19.10.43:394][  0]Cmd: MAP CHECKDEP NOCLEARLOG
[2016.06.13-19.10.43:428][  0]MapCheck: Info Map check complete: 0 Error(s), 0 Warning(s), took 33.814ms to complete.
[2016.06.13-19.10.43:428][  0]LogFileHelpers: Loading map 'Template_Default' took 0.275
[2016.06.13-19.10.43:561][  0]LogCollectionManager: Loaded 0 collections in 0.003280 seconds
[2016.06.13-19.10.43:604][  0]LogFileCache: Scanning file cache for directory 'C:/Users/ericr.DESKTOP-GQI0414/Documents/Unreal Projects/SubstanceTutorial/Saved/Collections/' took 0.01s
[2016.06.13-19.10.43:604][  0]LogFileCache: Scanning file cache for directory 'C:/Users/ericr.DESKTOP-GQI0414/Documents/Unreal Projects/SubstanceTutorial/Content/Developers/ericr/Collections/' took 0.01s
[2016.06.13-19.10.43:604][  0]LogFileCache: Scanning file cache for directory 'C:/Users/ericr.DESKTOP-GQI0414/Documents/Unreal Projects/SubstanceTutorial/Content/Collections/' took 0.01s
[2016.06.13-19.10.43:604][  0]LogCollectionManager: Rebuilt the GUID cache for 0 collections in 0.000002 seconds
[2016.06.13-19.10.43:612][  0]LogContentBrowser: Native class hierarchy populated in 0.0078 seconds. Added 2062 classes and 375 folders.
[2016.06.13-19.10.43:617][  0]LogStats: UGameplayTagsManager::ConstructGameplayTagTree: Construct from data asset -  0.000 s
[2016.06.13-19.10.43:617][  0]LogStats: UGameplayTagsManager::ConstructGameplayTagTree: GameplayTagTreeChangedEvent.Broadcast -  0.000 s
[2016.06.13-19.10.43:617][  0]LogContentBrowser: Native class hierarchy updated for 'GameplayTags' in 0.0005 seconds. Added 12 classes and 0 folders.
[2016.06.13-19.10.43:625][  0]LogContentBrowser: Native class hierarchy updated for 'WidgetCarousel' in 0.0003 seconds. Added 0 classes and 0 folders.
[2016.06.13-19.10.43:657][  0]LogContentBrowser: Native class hierarchy updated for 'AddContentDialog' in 0.0004 seconds. Added 0 classes and 0 folders.
[2016.06.13-19.10.43:662][  0]LogContentBrowser: Native class hierarchy updated for 'SceneOutliner' in 0.0003 seconds. Added 1 classes and 2 folders.
[2016.06.13-19.10.43:676][  0]LogCrashTracker: Crashtracker disabled due to settings.
[2016.06.13-19.10.43:682][  0]LogUObjectGlobals:Warning: Failed to find object 'Class None.'
[2016.06.13-19.10.43:714][  0]LogContentBrowser: Native class hierarchy updated for 'HierarchicalLODOutliner' in 0.0004 seconds. Added 1 classes and 2 folders.
[2016.06.13-19.10.43:714][  0]LogLoad: Full Startup: 6.29 seconds (BP compile: 0.03 seconds)
[2016.06.13-19.10.43:714][  0]LogExternalProfiler: Found external profiler: VSPerf
[2016.06.13-19.10.43:714][  0]LogExternalProfiler: Using external profiler: VSPerf
[2016.06.13-19.10.43:732][  0]LogOcInput: OculusInput pre-init called
[2016.06.13-19.10.43:756][  0]LogContentStreaming: Texture pool size now 1000 MB
[2016.06.13-19.10.43:911][  0]LogRenderer: Reallocating scene render targets to support 884x576 (Frame:2).
[2016.06.13-19.10.46:655][162]LogAssetRegistry: Asset discovery search completed in 6.0552 seconds
[2016.06.13-19.10.46:655][162]LogCollectionManager: Rebuilt the object cache for 0 collections in 0.000000 seconds (found 0 objects)
[2016.06.13-19.10.46:655][162]LogCollectionManager: Fixed up redirectors for 0 collections in 0.000024 seconds (updated 0 objects)
[2016.06.13-19.11.00:420][704]LogFactory: FactoryCreateFile: StaticMesh with FbxFactory (0 0 ../../../../../../Users/ericr.DESKTOP-GQI0414/Desktop/tower.fbx)
[2016.06.13-19.11.00:469][704]LogFbx: ItemName: GlobalSettings, ItemCount : 1
[2016.06.13-19.11.00:469][704]LogFbx: ItemName: AnimationStack, ItemCount : 1
[2016.06.13-19.11.00:469][704]LogFbx: ItemName: AnimationLayer, ItemCount : 1
[2016.06.13-19.11.00:469][704]LogFbx: ItemName: Geometry, ItemCount : 1
[2016.06.13-19.11.00:469][704]LogFbx: ItemName: Material, ItemCount : 1
[2016.06.13-19.11.00:469][704]LogFbx: ItemName: Model, ItemCount : 1
[2016.06.13-19.11.00:487][704]LogFbx: Loading FBX Scene from ../../../../../../Users/ericr.DESKTOP-GQI0414/Desktop/tower.fbx
[2016.06.13-19.11.00:515][704]LogFbx: FBX Scene Loaded Succesfully
[2016.06.13-19.11.01:934][704]LogFbx: Loading FBX Scene from ../../../../../../Users/ericr.DESKTOP-GQI0414/Desktop/tower.fbx
[2016.06.13-19.11.01:951][704]LogFbx: FBX Scene Loaded Succesfully
[2016.06.13-19.11.01:959][704]LogLinker:Warning: Can't find file '/Game/lambert1'
[2016.06.13-19.11.01:959][704]LogLinker:Warning: Can't find file '/Game/lambert1'
[2016.06.13-19.11.01:965][704]LogMaterial: Missing cached shader map for material lambert1, compiling. 
[2016.06.13-19.11.02:084][704]LogStaticMesh: Building static mesh tower...
[2016.06.13-19.11.02:388][704]LogStaticMesh: Built static mesh [0.30s] /Game/tower.tower
[2016.06.13-19.11.03:684][774]LogActorFactory: Actor Factory created tower
[2016.06.13-19.11.04:588][828]LogActorFactory: Actor Factory created tower
[2016.06.13-19.11.17:425][106]LogSavePackage: Save=22.84ms
[2016.06.13-19.11.17:425][106]LogSavePackage: Moving '../../../../../../Users/ericr.DESKTOP-GQI0414/Documents/Unreal Projects/SubstanceTutorial/Saved/Level1426871354D5A5F7DD32236A691B9C0E5.tmp' to '../../../../../../Users/ericr.DESKTOP-GQI0414/Documents/Unreal Projects/SubstanceTutorial/Content/Level1.umap'
[2016.06.13-19.11.17:428][106]LogSavePackage:Display: Finished SavePackage ../../../../../../Users/ericr.DESKTOP-GQI0414/Documents/Unreal Projects/SubstanceTutorial/Content/Level1.umap
[2016.06.13-19.11.17:450][106]LogFileHelpers: Saving map 'Level1' took 0.360
[2016.06.13-19.11.17:475][106]Cmd: OBJ SAVEPACKAGE PACKAGE="/Game/tower" FILE="../../../../../../Users/ericr.DESKTOP-GQI0414/Documents/Unreal Projects/SubstanceTutorial/Content/tower.uasset" SILENT=true
[2016.06.13-19.11.17:491][106]LogSavePackage: Save=13.17ms
[2016.06.13-19.11.17:491][106]LogSavePackage: Moving '../../../../../../Users/ericr.DESKTOP-GQI0414/Documents/Unreal Projects/SubstanceTutorial/Saved/towerE1C3C04D480FC96CB14932BD60FE85D2.tmp' to '../../../../../../Users/ericr.DESKTOP-GQI0414/Documents/Unreal Projects/SubstanceTutorial/Content/tower.uasset'
[2016.06.13-19.11.17:493][106]LogSavePackage:Display: Finished SavePackage ../../../../../../Users/ericr.DESKTOP-GQI0414/Documents/Unreal Projects/SubstanceTutorial/Content/tower.uasset
[2016.06.13-19.11.17:518][106]Cmd: OBJ SAVEPACKAGE PACKAGE="/Game/lambert1" FILE="../../../../../../Users/ericr.DESKTOP-GQI0414/Documents/Unreal Projects/SubstanceTutorial/Content/lambert1.uasset" SILENT=true
[2016.06.13-19.11.17:534][106]LogSavePackage: Save=15.22ms
[2016.06.13-19.11.17:535][106]LogSavePackage: Moving '../../../../../../Users/ericr.DESKTOP-GQI0414/Documents/Unreal Projects/SubstanceTutorial/Saved/lambert12320355D4C697655F0FF3D9D185EA8D1.tmp' to '../../../../../../Users/ericr.DESKTOP-GQI0414/Documents/Unreal Projects/SubstanceTutorial/Content/lambert1.uasset'
[2016.06.13-19.11.17:537][106]LogSavePackage:Display: Finished SavePackage ../../../../../../Users/ericr.DESKTOP-GQI0414/Documents/Unreal Projects/SubstanceTutorial/Content/lambert1.uasset
[2016.06.13-19.17.37:285][514]LogDirectoryWatcher: A directory notification failed for 'C:/Users/ericr.DESKTOP-GQI0414/Documents/Unreal Projects/SubstanceTutorial/Saved/Collections/' because it was aborted or there was a buffer overflow.
[2016.06.13-19.17.41:597][527]Cmd: QUIT_EDITOR
[2016.06.13-19.17.41:630][527]LogWindowsTextInputMethodSystem:Display: IME system now deactivated.
[2016.06.13-19.17.41:657][527]LogExit: Preparing to exit.
[2016.06.13-19.17.41:945][527]LogExit: Editor shut down
[2016.06.13-19.17.41:945][527]LogExit: Transaction tracking system shut down
[2016.06.13-19.17.42:062][527]LogObj: Freed 0b from 0 cluster array pools.
[2016.06.13-19.17.42:062][527]LogExit: Object subsystem successfully closed.
[2016.06.13-19.17.42:079][527]LogD3D11RHI: Shutdown
[2016.06.13-19.17.42:079][527]LogD3D11RHI: CleanupD3DDevice
[2016.06.13-19.17.42:139][527]LogD3D11RHI: ~FD3D11DynamicRHI
[2016.06.13-19.17.42:155][527]LogModuleManager: Shutting down and abandoning module HierarchicalLODOutliner (215)
[2016.06.13-19.17.42:156][527]LogModuleManager: Shutting down and abandoning module CrashTracker (214)
[2016.06.13-19.17.42:156][527]LogModuleManager: Shutting down and abandoning module SceneOutliner (213)
[2016.06.13-19.17.42:156][527]LogModuleManager: Shutting down and abandoning module WidgetCarousel (212)
[2016.06.13-19.17.42:156][527]LogModuleManager: Shutting down and abandoning module AddContentDialog (211)
[2016.06.13-19.17.42:158][527]LogModuleManager: Shutting down and abandoning module GameplayTags (210)
[2016.06.13-19.17.42:158][527]LogModuleManager: Shutting down and abandoning module EditorWidgets (209)
[2016.06.13-19.17.42:158][527]LogModuleManager: Shutting down and abandoning module CollectionManager (208)
[2016.06.13-19.17.43:159][527]LogModuleManager: Shutting down and abandoning module StatsViewer (207)
[2016.06.13-19.17.43:159][527]LogModuleManager: Shutting down and abandoning module FoliageEdit (206)
[2016.06.13-19.17.43:159][527]LogModuleManager: Shutting down and abandoning module LandscapeEditor (205)
[2016.06.13-19.17.43:159][527]LogModuleManager: Shutting down and abandoning module SceneDepthPickerMode (204)
[2016.06.13-19.17.43:159][527]LogModuleManager: Shutting down and abandoning module ActorPickerMode (203)
[2016.06.13-19.17.43:159][527]LogModuleManager: Shutting down and abandoning module GeometryMode (202)
[2016.06.13-19.17.43:159][527]LogModuleManager: Shutting down and abandoning module TextureAlignMode (201)
[2016.06.13-19.17.43:159][527]LogModuleManager: Shutting down and abandoning module BspMode (200)
[2016.06.13-19.17.43:159][527]LogModuleManager: Shutting down and abandoning module HardwareSurvey (199)
[2016.06.13-19.17.43:159][527]LogModuleManager: Shutting down and abandoning module SequenceRecorderSections (198)
[2016.06.13-19.17.43:159][527]LogModuleManager: Shutting down and abandoning module SequenceRecorder (197)
[2016.06.13-19.17.43:159][527]LogModuleManager: Shutting down and abandoning module AutomationWorker (196)
[2016.06.13-19.17.43:159][527]LogModuleManager: Shutting down and abandoning module MatineeToLevelSequence (195)
[2016.06.13-19.17.43:159][527]LogModuleManager: Shutting down and abandoning module PlacementMode (194)
[2016.06.13-19.17.43:159][527]LogModuleManager: Shutting down and abandoning module LevelSequenceEditor (193)
[2016.06.13-19.17.43:159][527]LogModuleManager: Shutting down and abandoning module CharacterAI (192)
[2016.06.13-19.17.43:159][527]LogModuleManager: Shutting down and abandoning module SmartSnapping (191)
[2016.06.13-19.17.43:159][527]LogModuleManager: Shutting down and abandoning module SessionServices (190)
[2016.06.13-19.17.43:159][527]LogModuleManager: Shutting down and abandoning module ViewportSnapping (189)
[2016.06.13-19.17.43:159][527]LogModuleManager: Shutting down and abandoning module LogVisualizer (188)
[2016.06.13-19.17.43:159][527]LogModuleManager: Shutting down and abandoning module GameProjectGeneration (187)
[2016.06.13-19.17.43:159][527]LogModuleManager: Shutting down and abandoning module IntroTutorials (186)
[2016.06.13-19.17.43:159][527]LogModuleManager: Shutting down and abandoning module EditorLiveStreaming (185)
[2016.06.13-19.17.43:159][527]LogModuleManager: Shutting down and abandoning module IOSPlatformEditor (184)
[2016.06.13-19.17.43:159][527]LogModuleManager: Shutting down and abandoning module HTML5PlatformEditor (183)
[2016.06.13-19.17.43:159][527]LogModuleManager: Shutting down and abandoning module AndroidDeviceDetection (182)
[2016.06.13-19.17.43:620][527]LogModuleManager: Shutting down and abandoning module AndroidPlatformEditor (181)
[2016.06.13-19.17.43:620][527]LogModuleManager: Shutting down and abandoning module IOSRuntimeSettings (180)
[2016.06.13-19.17.43:620][527]LogModuleManager: Shutting down and abandoning module AndroidRuntimeSettings (179)
[2016.06.13-19.17.43:620][527]LogModuleManager: Shutting down and abandoning module MergeActors (178)
[2016.06.13-19.17.43:620][527]LogModuleManager: Shutting down and abandoning module SizeMap (177)
[2016.06.13-19.17.43:620][527]LogModuleManager: Shutting down and abandoning module TreeMap (176)
[2016.06.13-19.17.43:620][527]LogModuleManager: Shutting down and abandoning module ReferenceViewer (175)
[2016.06.13-19.17.43:620][527]LogModuleManager: Shutting down and abandoning module LocalizationService (174)
[2016.06.13-19.17.43:620][527]LogModuleManager: Shutting down and abandoning module LocalizationDashboard (173)
[2016.06.13-19.17.43:620][527]LogModuleManager: Shutting down and abandoning module HardwareTargeting (172)
[2016.06.13-19.17.43:620][527]LogModuleManager: Shutting down and abandoning module DeviceProfileEditor (171)
[2016.06.13-19.17.43:620][527]LogModuleManager: Shutting down and abandoning module UndoHistory (170)
[2016.06.13-19.17.43:620][527]LogModuleManager: Shutting down and abandoning module UserFeedback (169)
[2016.06.13-19.17.43:620][527]LogModuleManager: Shutting down and abandoning module XmlParser (168)
[2016.06.13-19.17.43:620][527]LogModuleManager: Shutting down and abandoning module Blutility (167)
[2016.06.13-19.17.43:620][527]LogModuleManager: Shutting down and abandoning module ProjectTargetPlatformEditor (166)
[2016.06.13-19.17.43:620][527]LogModuleManager: Shutting down and abandoning module ProjectSettingsViewer (165)
[2016.06.13-19.17.43:620][527]LogModuleManager: Shutting down and abandoning module InputBindingEditor (164)
[2016.06.13-19.17.43:621][527]LogModuleManager: Shutting down and abandoning module EditorSettingsViewer (163)
[2016.06.13-19.17.43:621][527]LogModuleManager: Shutting down and abandoning module SettingsEditor (162)
[2016.06.13-19.17.43:621][527]LogModuleManager: Shutting down and abandoning module ProjectLauncher (161)
[2016.06.13-19.17.43:621][527]LogModuleManager: Shutting down and abandoning module SessionFrontend (160)
[2016.06.13-19.17.43:621][527]LogModuleManager: Shutting down and abandoning module ProfilerClient (159)
[2016.06.13-19.17.43:621][527]LogModuleManager: Shutting down and abandoning module TargetDeviceServices (158)
[2016.06.13-19.17.43:621][527]LogModuleManager: Shutting down and abandoning module DeviceManager (157)
[2016.06.13-19.17.43:664][527]LogModuleManager: Shutting down and abandoning module AutomationController (156)
[2016.06.13-19.17.43:664][527]LogModuleManager: Shutting down and abandoning module AutomationWindow (155)
[2016.06.13-19.17.43:664][527]LogModuleManager: Shutting down and abandoning module Layers (154)
[2016.06.13-19.17.43:664][527]LogModuleManager: Shutting down and abandoning module ComponentVisualizers (153)
[2016.06.13-19.17.43:664][527]LogModuleManager: Shutting down and abandoning module DetailCustomizations (152)
[2016.06.13-19.17.43:664][527]LogModuleManager: Shutting down and abandoning module PackagesDialog (151)
[2016.06.13-19.17.43:664][527]LogModuleManager: Shutting down and abandoning module Persona (150)
[2016.06.13-19.17.43:664][527]LogModuleManager: Shutting down and abandoning module Kismet (149)
[2016.06.13-19.17.43:664][527]LogModuleManager: Shutting down and abandoning module GraphEditor (148)
[2016.06.13-19.17.43:664][527]LogModuleManager: Shutting down and abandoning module ClassViewer (147)
[2016.06.13-19.17.43:664][527]LogModuleManager: Shutting down and abandoning module Toolbox (146)
[2016.06.13-19.17.43:664][527]LogModuleManager: Shutting down and abandoning module ModuleUI (145)
[2016.06.13-19.17.43:664][527]LogModuleManager: Shutting down and abandoning module MovieSceneTools (144)
[2016.06.13-19.17.43:664][527]LogModuleManager: Shutting down and abandoning module OutputLog (143)
[2016.06.13-19.17.43:664][527]LogModuleManager: Shutting down and abandoning module GammaUI (142)
[2016.06.13-19.17.43:664][527]LogModuleManager: Shutting down and abandoning module Documentation (141)
[2016.06.13-19.17.43:664][527]LogModuleManager: Shutting down and abandoning module StreamingPauseRendering (140)
[2016.06.13-19.17.43:664][527]LogModuleManager: Shutting down and abandoning module AnalyticsET (139)
[2016.06.13-19.17.43:664][527]LogModuleManager: Shutting down and abandoning module Analytics (138)
[2016.06.13-19.17.43:664][527]LogModuleManager: Shutting down and abandoning module PortalServices (137)
[2016.06.13-19.17.43:664][527]LogModuleManager: Shutting down and abandoning module PortalRpc (136)
[2016.06.13-19.17.43:664][527]LogModuleManager: Shutting down and abandoning module MessagingRpc (135)
[2016.06.13-19.17.43:665][527]LogModuleManager: Shutting down and abandoning module GameplayDebugger (134)
[2016.06.13-19.17.43:665][527]LogModuleManager: Shutting down and abandoning module AITestSuite (133)
[2016.06.13-19.17.43:665][527]LogModuleManager: Shutting down and abandoning module AIModule (132)
[2016.06.13-19.17.43:665][527]LogModuleManager: Shutting down and abandoning module ProfilerService (131)
[2016.06.13-19.17.43:709][527]LogModuleManager: Shutting down and abandoning module TaskGraph (130)
[2016.06.13-19.17.43:709][527]LogModuleManager: Shutting down and abandoning module SubstanceEditor (129)
[2016.06.13-19.17.43:709][527]LogModuleManager: Shutting down and abandoning module SlateRemote (128)
[2016.06.13-19.17.43:709][527]LogModuleManager: Shutting down and abandoning module SteamVRController (127)
[2016.06.13-19.17.43:709][527]LogModuleManager: Shutting down and abandoning module SteamVR (126)
[2016.06.13-19.17.43:709][527]LogModuleManager: Shutting down and abandoning module ProceduralMeshComponent (125)
[2016.06.13-19.17.43:709][527]LogModuleManager: Shutting down and abandoning module OculusLibrary (124)
[2016.06.13-19.17.43:709][527]LogModuleManager: Shutting down and abandoning module OculusInput (123)
[2016.06.13-19.17.43:709][527]LogModuleManager: Shutting down and abandoning module CustomMeshComponent (122)
[2016.06.13-19.17.43:709][527]LogModuleManager: Shutting down and abandoning module CableComponent (121)
[2016.06.13-19.17.43:709][527]LogModuleManager: Shutting down and abandoning module ArchVisCharacter (120)
[2016.06.13-19.17.43:709][527]LogModuleManager: Shutting down and abandoning module MediaPlayerEditor (119)
[2016.06.13-19.17.43:709][527]LogModuleManager: Shutting down and abandoning module HTML5Networking (118)
[2016.06.13-19.17.43:709][527]LogModuleManager: Shutting down and abandoning module SuperSearch (117)
[2016.06.13-19.17.43:709][527]LogModuleManager: Shutting down and abandoning module SuperSearchEditor (116)
[2016.06.13-19.17.43:709][527]LogModuleManager: Shutting down and abandoning module SpeedTreeImporter (115)
[2016.06.13-19.17.43:709][527]LogModuleManager: Shutting down and abandoning module PluginBrowser (114)
[2016.06.13-19.17.43:710][527]LogModuleManager: Shutting down and abandoning module EpicSurvey (113)
[2016.06.13-19.17.43:710][527]LogModuleManager: Shutting down and abandoning module DesktopPlatform (112)
[2016.06.13-19.17.43:710][527]LogModuleManager: Shutting down and abandoning module VisualStudioSourceCodeAccess (111)
[2016.06.13-19.17.43:710][527]LogModuleManager: Shutting down and abandoning module UObjectPlugin (110)
[2016.06.13-19.17.43:710][527]LogModuleManager: Shutting down and abandoning module SubversionSourceControl (109)
[2016.06.13-19.17.43:710][527]LogModuleManager: Shutting down and abandoning module PerforceSourceControl (108)
[2016.06.13-19.17.43:710][527]LogModuleManager: Shutting down and abandoning module SourceControl (107)
[2016.06.13-19.17.43:710][527]LogModuleManager: Shutting down and abandoning module GitSourceControl (106)
[2016.06.13-19.17.43:710][527]LogModuleManager: Shutting down and abandoning module LightPropagationVolumeEditor (105)
[2016.06.13-19.17.43:710][527]LogModuleManager: Shutting down and abandoning module PaperTiledImporter (104)
[2016.06.13-19.17.43:710][527]LogModuleManager: Shutting down and abandoning module PaperSpriteSheetImporter (103)
[2016.06.13-19.17.43:710][527]LogModuleManager: Shutting down and abandoning module MeshPaint (102)
[2016.06.13-19.17.43:710][527]LogModuleManager: Shutting down and abandoning module PixelInspectorModule (101)
[2016.06.13-19.17.43:710][527]LogModuleManager: Shutting down and abandoning module HotReload (100)
[2016.06.13-19.17.43:710][527]LogModuleManager: Shutting down and abandoning module MainFrame (99)
[2016.06.13-19.17.43:710][527]LogModuleManager: Shutting down and abandoning module LevelEditor (98)
[2016.06.13-19.17.43:711][527]LogModuleManager: Shutting down and abandoning module ContentBrowser (97)
[2016.06.13-19.17.43:712][527]LogModuleManager: Shutting down and abandoning module Paper2DEditor (96)
[2016.06.13-19.17.43:712][527]LogModuleManager: Shutting down and abandoning module UdpMessaging (95)
[2016.06.13-19.17.43:813][527]LogModuleManager: Shutting down and abandoning module SubstanceCore (94)
[2016.06.13-19.17.43:813][527]LogModuleManager: Shutting down and abandoning module LightPropagationVolumeRuntime (93)
[2016.06.13-19.17.43:813][527]LogModuleManager: Shutting down and abandoning module Paper2D (92)
[2016.06.13-19.17.43:813][527]LogModuleManager: Shutting down and abandoning module WindowsMoviePlayer (91)
[2016.06.13-19.17.43:813][527]LogModuleManager: Shutting down and abandoning module Media (90)
[2016.06.13-19.17.43:813][527]LogModuleManager: Shutting down and abandoning module WmfMedia (89)
[2016.06.13-19.17.43:813][527]LogModuleManager: Shutting down and abandoning module MediaAssets (88)
[2016.06.13-19.17.43:813][527]LogModuleManager: Shutting down and abandoning module GameLiveStreaming (87)
[2016.06.13-19.17.43:813][527]LogModuleManager: Shutting down and abandoning module GameplayTagsEditor (86)
[2016.06.13-19.17.43:813][527]LogModuleManager: Shutting down and abandoning module OnlineBlueprintSupport (85)
[2016.06.13-19.17.43:813][527]LogModuleManager: Shutting down and abandoning module VREditor (84)
[2016.06.13-19.17.43:814][527]LogModuleManager: Shutting down and abandoning module GameplayTasksEditor (83)
[2016.06.13-19.17.43:814][527]LogModuleManager: Shutting down and abandoning module PropertyEditor (82)
[2016.06.13-19.17.43:814][527]LogModuleManager: Shutting down and abandoning module BehaviorTreeEditor (81)
[2016.06.13-19.17.43:814][527]LogModuleManager: Shutting down and abandoning module FunctionalTesting (80)
[2016.06.13-19.17.43:814][527]LogModuleManager: Shutting down and abandoning module CollisionAnalyzer (79)
[2016.06.13-19.17.43:814][527]LogModuleManager: Shutting down and abandoning module Sequencer (78)
[2016.06.13-19.17.43:814][527]LogModuleManager: Shutting down and abandoning module WorkspaceMenuStructure (77)
[2016.06.13-19.17.43:814][527]LogModuleManager: Shutting down and abandoning module MessageLog (76)
[2016.06.13-19.17.43:814][527]LogModuleManager: Shutting down and abandoning module AssetTools (75)
[2016.06.13-19.17.43:814][527]LogModuleManager: Shutting down and abandoning module UMGEditor (74)
[2016.06.13-19.17.43:814][527]LogModuleManager: Shutting down and abandoning module UMG (73)
[2016.06.13-19.17.43:814][527]LogModuleManager: Shutting down and abandoning module SlateReflector (72)
[2016.06.13-19.17.43:814][527]LogModuleManager: Shutting down and abandoning module Slate (71)
[2016.06.13-19.17.43:815][527]LogModuleManager: Shutting down and abandoning module EditorStyle (70)
[2016.06.13-19.17.43:822][527]LogModuleManager: Shutting down and abandoning module SourceCodeAccess (69)
[2016.06.13-19.17.43:822][527]LogModuleManager: Shutting down and abandoning module HeadMountedDisplay (68)
[2016.06.13-19.17.43:822][527]LogModuleManager: Shutting down and abandoning module XAudio2 (67)
[2016.06.13-19.17.43:822][527]LogModuleManager: Shutting down and abandoning module Networking (65)
[2016.06.13-19.17.43:822][527]LogModuleManager: Shutting down and abandoning module Core (64)
[2016.06.13-19.17.43:822][527]LogModuleManager: Shutting down and abandoning module DirectoryWatcher (63)
[2016.06.13-19.17.43:824][527]LogModuleManager: Shutting down and abandoning module AssetRegistry (62)
[2016.06.13-19.17.43:946][527]LogModuleManager: Shutting down and abandoning module KismetCompiler (61)
[2016.06.13-19.17.43:946][527]LogModuleManager: Shutting down and abandoning module PhysXFormats (60)
[2016.06.13-19.17.43:946][527]LogModuleManager: Shutting down and abandoning module MeshUtilities (59)
[2016.06.13-19.17.43:946][527]LogModuleManager: Shutting down and abandoning module DerivedDataCache (58)
[2016.06.13-19.17.44:044][527]LogDerivedDataCache: Shutdown
[2016.06.13-19.17.44:044][527]LogModuleManager: Shutting down and abandoning module VulkanShaderFormat (57)
[2016.06.13-19.17.44:044][527]LogModuleManager: Shutting down and abandoning module ShaderFormatOpenGL (56)
[2016.06.13-19.17.44:044][527]LogModuleManager: Shutting down and abandoning module ShaderFormatD3D (55)
[2016.06.13-19.17.44:044][527]LogModuleManager: Shutting down and abandoning module MetalShaderFormat (54)
[2016.06.13-19.17.44:044][527]LogModuleManager: Shutting down and abandoning module TextureFormatUncompressed (53)
[2016.06.13-19.17.44:044][527]LogModuleManager: Shutting down and abandoning module TextureFormatPVR (52)
[2016.06.13-19.17.44:044][527]LogModuleManager: Shutting down and abandoning module TextureFormatIntelISPCTexComp (51)
[2016.06.13-19.17.44:044][527]LogModuleManager: Shutting down and abandoning module TextureFormatDXT (50)
[2016.06.13-19.17.44:044][527]LogModuleManager: Shutting down and abandoning module ImageWrapper (49)
[2016.06.13-19.17.44:044][527]LogModuleManager: Shutting down and abandoning module TextureFormatASTC (48)
[2016.06.13-19.17.44:044][527]LogModuleManager: Shutting down and abandoning module TextureFormatAndroid (47)
[2016.06.13-19.17.44:044][527]LogModuleManager: Shutting down and abandoning module AudioFormatOpus (46)
[2016.06.13-19.17.44:044][527]LogModuleManager: Shutting down and abandoning module AudioFormatOgg (45)
[2016.06.13-19.17.44:044][527]LogModuleManager: Shutting down and abandoning module AudioFormatADPCM (44)
[2016.06.13-19.17.44:044][527]LogModuleManager: Shutting down and abandoning module LinuxTargetPlatform (43)
[2016.06.13-19.17.44:044][527]LogModuleManager: Shutting down and abandoning module LinuxServerTargetPlatform (42)
[2016.06.13-19.17.44:044][527]LogModuleManager: Shutting down and abandoning module LinuxNoEditorTargetPlatform (41)
[2016.06.13-19.17.44:044][527]LogModuleManager: Shutting down and abandoning module TVOSTargetPlatform (40)
[2016.06.13-19.17.44:045][527]LogModuleManager: Shutting down and abandoning module Messaging (39)
[2016.06.13-19.17.44:045][527]LogModuleManager: Shutting down and abandoning module IOSTargetPlatform (38)
[2016.06.13-19.17.44:045][527]LogModuleManager: Shutting down and abandoning module HTML5TargetPlatform (37)
[2016.06.13-19.17.44:045][527]LogModuleManager: Shutting down and abandoning module Android_PVRTCTargetPlatform (36)
[2016.06.13-19.17.44:045][527]LogModuleManager: Shutting down and abandoning module Android_MultiTargetPlatform (35)
[2016.06.13-19.17.44:045][527]LogModuleManager: Shutting down and abandoning module Android_ETC2TargetPlatform (34)
[2016.06.13-19.17.44:045][527]LogModuleManager: Shutting down and abandoning module Android_ETC1TargetPlatform (33)
[2016.06.13-19.17.44:045][527]LogModuleManager: Shutting down and abandoning module Android_DXTTargetPlatform (32)
[2016.06.13-19.17.44:045][527]LogModuleManager: Shutting down and abandoning module Android_ATCTargetPlatform (31)
[2016.06.13-19.17.44:045][527]LogModuleManager: Shutting down and abandoning module Android_ASTCTargetPlatform (30)
[2016.06.13-19.17.44:045][527]LogModuleManager: Shutting down and abandoning module AndroidTargetPlatform (29)
[2016.06.13-19.17.44:045][527]LogModuleManager: Shutting down and abandoning module WindowsTargetPlatform (28)
[2016.06.13-19.17.44:045][527]LogModuleManager: Shutting down and abandoning module WindowsServerTargetPlatform (27)
[2016.06.13-19.17.44:045][527]LogModuleManager: Shutting down and abandoning module WindowsNoEditorTargetPlatform (26)
[2016.06.13-19.17.44:045][527]LogModuleManager: Shutting down and abandoning module WindowsClientTargetPlatform (25)
[2016.06.13-19.17.44:045][527]LogModuleManager: Shutting down and abandoning module AllDesktopTargetPlatform (24)
[2016.06.13-19.17.44:045][527]LogModuleManager: Shutting down and abandoning module TargetPlatform (23)
[2016.06.13-19.17.44:045][527]LogModuleManager: Shutting down and abandoning module InputCore (22)
[2016.06.13-19.17.44:045][527]LogModuleManager: Shutting down and abandoning module Settings (21)
[2016.06.13-19.17.44:045][527]LogModuleManager: Shutting down and abandoning module OnlineSubsystem (19)
[2016.06.13-19.17.44:045][527]LogModuleManager: Shutting down and abandoning module HTTP (18)
[2016.06.13-19.17.45:549][527]LogModuleManager: Shutting down and abandoning module XMPP (17)
[2016.06.13-19.17.45:549][527]LogModuleManager: Shutting down and abandoning module OculusRift (16)
[2016.06.13-19.17.45:549][527]LogModuleManager: Shutting down and abandoning module ExampleDeviceProfileSelector (15)
[2016.06.13-19.17.45:549][527]LogModuleManager: Shutting down and abandoning module TextureCompressor (14)
[2016.06.13-19.17.45:549][527]LogModuleManager: Shutting down and abandoning module ShaderCore (13)
[2016.06.13-19.17.45:549][527]LogModuleManager: Shutting down and abandoning module Landscape (12)
[2016.06.13-19.17.45:549][527]LogModuleManager: Shutting down and abandoning module SlateRHIRenderer (11)
[2016.06.13-19.17.45:553][527]LogModuleManager: Shutting down and abandoning module OpenGLDrv (10)
[2016.06.13-19.17.45:553][527]LogModuleManager: Shutting down and abandoning module D3D11RHI (9)
[2016.06.13-19.17.45:553][527]LogModuleManager: Shutting down and abandoning module AnimGraphRuntime (8)
[2016.06.13-19.17.45:553][527]LogModuleManager: Shutting down and abandoning module Renderer (7)
[2016.06.13-19.17.45:553][527]LogModuleManager: Shutting down and abandoning module Engine (6)
[2016.06.13-19.17.45:553][527]LogModuleManager: Shutting down and abandoning module CoreUObject (5)
[2016.06.13-19.17.45:553][527]LogModuleManager: Shutting down and abandoning module NetworkFile (4)
[2016.06.13-19.17.45:553][527]LogModuleManager: Shutting down and abandoning module StreamingFile (3)
[2016.06.13-19.17.45:553][527]LogModuleManager: Shutting down and abandoning module SandboxFile (2)
[2016.06.13-19.17.45:553][527]LogModuleManager: Shutting down and abandoning module PakFile (1)
[2016.06.13-19.17.45:558][527]LogExit: Exiting.
[2016.06.13-19.17.45:592][527]Log file closed, 06/13/16 12:17:45
